<?xml version="1.0" encoding="UTF-8"?>
<testng-results ignored="0" total="10" passed="10" failed="0" skipped="0">
  <reporter-output>
  </reporter-output>
  <suite started-at="2026-06-17T23:23:16 IST" name="Suite" finished-at="2026-06-17T23:23:19 IST" duration-ms="2737">
    <groups>
    </groups>
    <test started-at="2026-06-17T23:23:16 IST" name="Test" finished-at="2026-06-17T23:23:19 IST" duration-ms="2737">
      <class name="com.test.GetTrainee">
        <test-method signature="getTrainee()[pri:0, instance:com.test.GetTrainee@21be3395]" started-at="2026-06-17T23:23:19 IST" name="getTrainee" finished-at="2026-06-17T23:23:19 IST" duration-ms="30" status="PASS">
          <reporter-output>
          </reporter-output>
        </test-method> <!-- getTrainee -->
      </class> <!-- com.test.GetTrainee -->
      <class name="com.test.UpdateTrainee">
        <test-method signature="updateTrainee()[pri:0, instance:com.test.UpdateTrainee@565f390]" started-at="2026-06-17T23:23:16 IST" name="updateTrainee" finished-at="2026-06-17T23:23:19 IST" duration-ms="2360" status="PASS">
          <reporter-output>
          </reporter-output>
        </test-method> <!-- updateTrainee -->
      </class> <!-- com.test.UpdateTrainee -->
      <class name="com.test.DeleteTrainee">
        <test-method signature="deleteTrainee()[pri:0, instance:com.test.DeleteTrainee@642a7222]" started-at="2026-06-17T23:23:19 IST" name="deleteTrainee" finished-at="2026-06-17T23:23:19 IST" duration-ms="37" status="PASS">
          <reporter-output>
          </reporter-output>
        </test-method> <!-- deleteTrainee -->
      </class> <!-- com.test.DeleteTrainee -->
      <class name="com.test.HeadTraineeTest">
        <test-method signature="headTrainee()[pri:0, instance:com.test.HeadTraineeTest@448c8166]" started-at="2026-06-17T23:23:19 IST" name="headTrainee" finished-at="2026-06-17T23:23:19 IST" duration-ms="35" status="PASS">
          <reporter-output>
          </reporter-output>
        </test-method> <!-- headTrainee -->
      </class> <!-- com.test.HeadTraineeTest -->
      <class name="com.test.CreateTrainee">
        <test-method signature="createTrainee()[pri:0, instance:com.test.CreateTrainee@7d322cad]" started-at="2026-06-17T23:23:19 IST" name="createTrainee" finished-at="2026-06-17T23:23:19 IST" duration-ms="49" status="PASS">
          <reporter-output>
          </reporter-output>
        </test-method> <!-- createTrainee -->
      </class> <!-- com.test.CreateTrainee -->
      <class name="com.test.OptionTest">
        <test-method signature="optionsmethod()[pri:0, instance:com.test.OptionTest@311bf055]" started-at="2026-06-17T23:23:19 IST" name="optionsmethod" finished-at="2026-06-17T23:23:19 IST" duration-ms="51" status="PASS">
          <reporter-output>
          </reporter-output>
        </test-method> <!-- optionsmethod -->
      </class> <!-- com.test.OptionTest -->
      <class name="com.test.PatchTrainee">
        <test-method signature="patchTrainee()[pri:0, instance:com.test.PatchTrainee@6d5620ce]" started-at="2026-06-17T23:23:19 IST" name="patchTrainee" finished-at="2026-06-17T23:23:19 IST" duration-ms="39" status="PASS">
          <reporter-output>
          </reporter-output>
        </test-method> <!-- patchTrainee -->
      </class> <!-- com.test.PatchTrainee -->
      <class name="com.test.InvalidLogin">
        <test-method signature="invalidlogin()[pri:0, instance:com.test.InvalidLogin@4f49f6af]" started-at="2026-06-17T23:23:19 IST" name="invalidlogin" finished-at="2026-06-17T23:23:19 IST" duration-ms="25" status="PASS">
          <reporter-output>
          </reporter-output>
        </test-method> <!-- invalidlogin -->
      </class> <!-- com.test.InvalidLogin -->
      <class name="com.test.InvalidGetTrainee">
        <test-method signature="invalidGetTrainee()[pri:0, instance:com.test.InvalidGetTrainee@147e2ae7]" started-at="2026-06-17T23:23:19 IST" name="invalidGetTrainee" finished-at="2026-06-17T23:23:19 IST" duration-ms="15" status="PASS">
          <reporter-output>
          </reporter-output>
        </test-method> <!-- invalidGetTrainee -->
      </class> <!-- com.test.InvalidGetTrainee -->
      <class name="com.test.LoginTest">
        <test-method signature="logintest()[pri:0, instance:com.test.LoginTest@78452606]" started-at="2026-06-17T23:23:19 IST" name="logintest" finished-at="2026-06-17T23:23:19 IST" duration-ms="26" status="PASS">
          <reporter-output>
          </reporter-output>
        </test-method> <!-- logintest -->
      </class> <!-- com.test.LoginTest -->
    </test> <!-- Test -->
  </suite> <!-- Suite -->
</testng-results>
