<?xml version="1.0" encoding="UTF-8"?>
<testng-results ignored="0" total="1" passed="1" failed="0" skipped="0">
  <reporter-output>
  </reporter-output>
  <suite started-at="2026-06-16T22:24:04 IST" name="Default suite" finished-at="2026-06-16T22:24:06 IST" duration-ms="1650">
    <groups>
    </groups>
    <test started-at="2026-06-16T22:24:04 IST" name="Default test" finished-at="2026-06-16T22:24:06 IST" duration-ms="1650">
      <class name="com.test.InvalidGetTrainee">
        <test-method signature="invalidGetTrainee()[pri:0, instance:com.test.InvalidGetTrainee@73a1e9a9]" started-at="2026-06-16T22:24:04 IST" name="invalidGetTrainee" finished-at="2026-06-16T22:24:06 IST" duration-ms="1612" status="PASS">
          <reporter-output>
          </reporter-output>
        </test-method> <!-- invalidGetTrainee -->
      </class> <!-- com.test.InvalidGetTrainee -->
    </test> <!-- Default test -->
  </suite> <!-- Default suite -->
</testng-results>
