<?xml version="1.0" encoding="UTF-8"?>
<!-- Generated by org.testng.reporters.JUnitXMLReporter -->
<testsuite ignored="0" hostname="LAPTOP-4AAG13DH" failures="0" tests="10" name="Test" time="2.737" errors="0" timestamp="2026-06-17T23:23:19 IST">
  <testcase classname="com.test.UpdateTrainee" name="updateTrainee" time="2.36"/>
  <testcase classname="com.test.PatchTrainee" name="patchTrainee" time="0.039"/>
  <testcase classname="com.test.OptionTest" name="optionsmethod" time="0.051"/>
  <testcase classname="com.test.DeleteTrainee" name="deleteTrainee" time="0.037"/>
  <testcase classname="com.test.CreateTrainee" name="createTrainee" time="0.049"/>
  <testcase classname="com.test.GetTrainee" name="getTrainee" time="0.03"/>
  <testcase classname="com.test.InvalidLogin" name="invalidlogin" time="0.025"/>
  <testcase classname="com.test.LoginTest" name="logintest" time="0.026"/>
  <testcase classname="com.test.InvalidGetTrainee" name="invalidGetTrainee" time="0.015"/>
  <testcase classname="com.test.HeadTraineeTest" name="headTrainee" time="0.035"/>
</testsuite> <!-- Test -->
